{"/Users/user/Documents/proj/reactjs/homeAssignment Popcorn/tdp-2025-homework/popcorn_palace_typescript/src/app.module.ts": {"path":"/Users/user/Documents/proj/reactjs/homeAssignment Popcorn/tdp-2025-homework/popcorn_palace_typescript/src/app.module.ts","statementMap":{"0":{"start":{"line":1,"column":0},"end":{"line":1,"column":40}},"1":{"start":{"line":2,"column":0},"end":{"line":2,"column":46}},"2":{"start":{"line":3,"column":0},"end":{"line":3,"column":54}},"3":{"start":{"line":4,"column":0},"end":{"line":4,"column":54}},"4":{"start":{"line":5,"column":0},"end":{"line":5,"column":60}},"5":{"start":{"line":6,"column":0},"end":{"line":6,"column":57}},"6":{"start":{"line":22,"column":7},"end":{"line":22,"column":null}},"7":{"start":{"line":22,"column":13},"end":{"line":22,"column":22}},"8":{"start":{"line":22,"column":13},"end":{"line":22,"column":null}}},"fnMap":{},"branchMap":{"0":{"loc":{"start":{"line":12,"column":19},"end":{"line":12,"column":73}},"type":"cond-expr","locations":[{"start":{"line":12,"column":53},"end":{"line":12,"column":64}},{"start":{"line":12,"column":67},"end":{"line":12,"column":73}}]}},"s":{"0":0,"1":0,"2":0,"3":0,"4":0,"5":0,"6":0,"7":0,"8":0},"f":{},"b":{"0":[0,0]}}
,"/Users/user/Documents/proj/reactjs/homeAssignment Popcorn/tdp-2025-homework/popcorn_palace_typescript/src/main.ts": {"path":"/Users/user/Documents/proj/reactjs/homeAssignment Popcorn/tdp-2025-homework/popcorn_palace_typescript/src/main.ts","statementMap":{"0":{"start":{"line":1,"column":0},"end":{"line":1,"column":43}},"1":{"start":{"line":2,"column":0},"end":{"line":2,"column":41}},"2":{"start":{"line":3,"column":0},"end":{"line":3,"column":48}},"3":{"start":{"line":6,"column":14},"end":{"line":6,"column":49}},"4":{"start":{"line":7,"column":2},"end":{"line":11,"column":null}},"5":{"start":{"line":12,"column":2},"end":{"line":12,"column":25}},"6":{"start":{"line":13,"column":2},"end":{"line":13,"column":60}},"7":{"start":{"line":15,"column":0},"end":{"line":15,"column":12}}},"fnMap":{"0":{"name":"bootstrap","decl":{"start":{"line":5,"column":15},"end":{"line":5,"column":24}},"loc":{"start":{"line":5,"column":24},"end":{"line":14,"column":1}}}},"branchMap":{},"s":{"0":0,"1":0,"2":0,"3":0,"4":0,"5":0,"6":0,"7":0},"f":{"0":0},"b":{}}
,"/Users/user/Documents/proj/reactjs/homeAssignment Popcorn/tdp-2025-homework/popcorn_palace_typescript/src/movies/movies.controller.ts": {"path":"/Users/user/Documents/proj/reactjs/homeAssignment Popcorn/tdp-2025-homework/popcorn_palace_typescript/src/movies/movies.controller.ts","statementMap":{"0":{"start":{"line":1,"column":0},"end":{"line":1,"column":83}},"1":{"start":{"line":2,"column":0},"end":{"line":2,"column":49}},"2":{"start":{"line":3,"column":0},"end":{"line":3,"column":55}},"3":{"start":{"line":7,"column":7},"end":{"line":34,"column":null}},"4":{"start":{"line":8,"column":24},"end":{"line":8,"column":39}},"5":{"start":{"line":12,"column":6},"end":{"line":12,"column":55}},"6":{"start":{"line":17,"column":6},"end":{"line":17,"column":42}},"7":{"start":{"line":22,"column":6},"end":{"line":22,"column":44}},"8":{"start":{"line":27,"column":6},"end":{"line":27,"column":59}},"9":{"start":{"line":32,"column":6},"end":{"line":32,"column":43}},"10":{"start":{"line":7,"column":13},"end":{"line":7,"column":29}},"11":{"start":{"line":11,"column":4},"end":{"line":13,"column":null}},"12":{"start":{"line":16,"column":4},"end":{"line":18,"column":null}},"13":{"start":{"line":21,"column":4},"end":{"line":23,"column":null}},"14":{"start":{"line":26,"column":4},"end":{"line":28,"column":null}},"15":{"start":{"line":31,"column":4},"end":{"line":33,"column":null}},"16":{"start":{"line":7,"column":13},"end":{"line":34,"column":null}}},"fnMap":{"0":{"name":"(anonymous_4)","decl":{"start":{"line":8,"column":4},"end":{"line":8,"column":24}},"loc":{"start":{"line":8,"column":52},"end":{"line":8,"column":56}}},"1":{"name":"(anonymous_5)","decl":{"start":{"line":11,"column":4},"end":{"line":11,"column":10}},"loc":{"start":{"line":11,"column":49},"end":{"line":13,"column":5}}},"2":{"name":"(anonymous_6)","decl":{"start":{"line":16,"column":4},"end":{"line":16,"column":11}},"loc":{"start":{"line":16,"column":11},"end":{"line":18,"column":5}}},"3":{"name":"(anonymous_7)","decl":{"start":{"line":21,"column":4},"end":{"line":21,"column":11}},"loc":{"start":{"line":21,"column":35},"end":{"line":23,"column":5}}},"4":{"name":"(anonymous_8)","decl":{"start":{"line":26,"column":4},"end":{"line":26,"column":10}},"loc":{"start":{"line":26,"column":74},"end":{"line":28,"column":5}}},"5":{"name":"(anonymous_9)","decl":{"start":{"line":31,"column":4},"end":{"line":31,"column":10}},"loc":{"start":{"line":31,"column":34},"end":{"line":33,"column":5}}}},"branchMap":{},"s":{"0":1,"1":1,"2":1,"3":1,"4":6,"5":1,"6":1,"7":1,"8":1,"9":1,"10":1,"11":1,"12":1,"13":1,"14":1,"15":1,"16":1},"f":{"0":6,"1":1,"2":1,"3":1,"4":1,"5":1},"b":{}}
,"/Users/user/Documents/proj/reactjs/homeAssignment Popcorn/tdp-2025-homework/popcorn_palace_typescript/src/movies/movies.module.ts": {"path":"/Users/user/Documents/proj/reactjs/homeAssignment Popcorn/tdp-2025-homework/popcorn_palace_typescript/src/movies/movies.module.ts","statementMap":{"0":{"start":{"line":1,"column":0},"end":{"line":1,"column":40}},"1":{"start":{"line":2,"column":0},"end":{"line":2,"column":55}},"2":{"start":{"line":3,"column":0},"end":{"line":3,"column":49}},"3":{"start":{"line":4,"column":0},"end":{"line":4,"column":57}},"4":{"start":{"line":11,"column":7},"end":{"line":11,"column":null}},"5":{"start":{"line":11,"column":13},"end":{"line":11,"column":25}},"6":{"start":{"line":11,"column":13},"end":{"line":11,"column":null}}},"fnMap":{},"branchMap":{},"s":{"0":0,"1":0,"2":0,"3":0,"4":0,"5":0,"6":0},"f":{},"b":{}}
,"/Users/user/Documents/proj/reactjs/homeAssignment Popcorn/tdp-2025-homework/popcorn_palace_typescript/src/movies/movies.service.ts": {"path":"/Users/user/Documents/proj/reactjs/homeAssignment Popcorn/tdp-2025-homework/popcorn_palace_typescript/src/movies/movies.service.ts","statementMap":{"0":{"start":{"line":1,"column":0},"end":{"line":1,"column":103}},"1":{"start":{"line":2,"column":0},"end":{"line":2,"column":57}},"2":{"start":{"line":7,"column":7},"end":{"line":64,"column":null}},"3":{"start":{"line":8,"column":24},"end":{"line":8,"column":32}},"4":{"start":{"line":11,"column":25},"end":{"line":16,"column":12}},"5":{"start":{"line":18,"column":10},"end":{"line":20,"column":11}},"6":{"start":{"line":19,"column":12},"end":{"line":19,"column":100}},"7":{"start":{"line":21,"column":10},"end":{"line":21,"column":68}},"8":{"start":{"line":25,"column":8},"end":{"line":25,"column":44}},"9":{"start":{"line":29,"column":22},"end":{"line":29,"column":75}},"10":{"start":{"line":30,"column":8},"end":{"line":32,"column":9}},"11":{"start":{"line":31,"column":12},"end":{"line":31,"column":73}},"12":{"start":{"line":33,"column":8},"end":{"line":33,"column":21}},"13":{"start":{"line":37,"column":8},"end":{"line":37,"column":31}},"14":{"start":{"line":38,"column":8},"end":{"line":41,"column":11}},"15":{"start":{"line":45,"column":8},"end":{"line":45,"column":31}},"16":{"start":{"line":46,"column":28},"end":{"line":52,"column":10}},"17":{"start":{"line":53,"column":8},"end":{"line":57,"column":9}},"18":{"start":{"line":54,"column":12},"end":{"line":56,"column":14}},"19":{"start":{"line":58,"column":8},"end":{"line":60,"column":11}},"20":{"start":{"line":62,"column":8},"end":{"line":62,"column":59}},"21":{"start":{"line":7,"column":13},"end":{"line":7,"column":26}},"22":{"start":{"line":7,"column":13},"end":{"line":64,"column":null}}},"fnMap":{"0":{"name":"(anonymous_2)","decl":{"start":{"line":8,"column":4},"end":{"line":8,"column":24}},"loc":{"start":{"line":8,"column":45},"end":{"line":8,"column":49}}},"1":{"name":"(anonymous_3)","decl":{"start":{"line":10,"column":4},"end":{"line":10,"column":9}},"loc":{"start":{"line":10,"column":47},"end":{"line":22,"column":7}}},"2":{"name":"(anonymous_4)","decl":{"start":{"line":24,"column":4},"end":{"line":24,"column":9}},"loc":{"start":{"line":24,"column":17},"end":{"line":26,"column":5}}},"3":{"name":"(anonymous_5)","decl":{"start":{"line":28,"column":4},"end":{"line":28,"column":9}},"loc":{"start":{"line":28,"column":28},"end":{"line":34,"column":5}}},"4":{"name":"(anonymous_6)","decl":{"start":{"line":36,"column":4},"end":{"line":36,"column":9}},"loc":{"start":{"line":36,"column":59},"end":{"line":42,"column":5}}},"5":{"name":"(anonymous_7)","decl":{"start":{"line":44,"column":4},"end":{"line":44,"column":9}},"loc":{"start":{"line":44,"column":27},"end":{"line":63,"column":5}}}},"branchMap":{"0":{"loc":{"start":{"line":18,"column":10},"end":{"line":20,"column":11}},"type":"if","locations":[{"start":{"line":18,"column":10},"end":{"line":20,"column":11}}]},"1":{"loc":{"start":{"line":30,"column":8},"end":{"line":32,"column":9}},"type":"if","locations":[{"start":{"line":30,"column":8},"end":{"line":32,"column":9}}]},"2":{"loc":{"start":{"line":53,"column":8},"end":{"line":57,"column":9}},"type":"if","locations":[{"start":{"line":53,"column":8},"end":{"line":57,"column":9}}]}},"s":{"0":2,"1":2,"2":2,"3":9,"4":19,"5":19,"6":0,"7":19,"8":1,"9":6,"10":6,"11":3,"12":3,"13":2,"14":1,"15":2,"16":1,"17":1,"18":0,"19":1,"20":1,"21":2,"22":2},"f":{"0":9,"1":19,"2":1,"3":6,"4":2,"5":2},"b":{"0":[0],"1":[3],"2":[0]}}
,"/Users/user/Documents/proj/reactjs/homeAssignment Popcorn/tdp-2025-homework/popcorn_palace_typescript/src/movies/dto/index.ts": {"path":"/Users/user/Documents/proj/reactjs/homeAssignment Popcorn/tdp-2025-homework/popcorn_palace_typescript/src/movies/dto/index.ts","statementMap":{"0":{"start":{"line":1,"column":0},"end":{"line":1,"column":28}}},"fnMap":{},"branchMap":{},"s":{"0":1},"f":{},"b":{}}
,"/Users/user/Documents/proj/reactjs/homeAssignment Popcorn/tdp-2025-homework/popcorn_palace_typescript/src/movies/dto/movies.dto.ts": {"path":"/Users/user/Documents/proj/reactjs/homeAssignment Popcorn/tdp-2025-homework/popcorn_palace_typescript/src/movies/dto/movies.dto.ts","statementMap":{"0":{"start":{"line":1,"column":0},"end":{"line":1,"column":93}},"1":{"start":{"line":2,"column":0},"end":{"line":2,"column":51}},"2":{"start":{"line":4,"column":0},"end":{"line":4,"column":13}},"3":{"start":{"line":8,"column":4},"end":{"line":8,"column":null}},"4":{"start":{"line":12,"column":4},"end":{"line":12,"column":null}},"5":{"start":{"line":16,"column":4},"end":{"line":16,"column":null}},"6":{"start":{"line":21,"column":4},"end":{"line":21,"column":null}},"7":{"start":{"line":26,"column":4},"end":{"line":26,"column":null}},"8":{"start":{"line":29,"column":0},"end":{"line":29,"column":13}}},"fnMap":{},"branchMap":{},"s":{"0":1,"1":1,"2":1,"3":1,"4":1,"5":1,"6":1,"7":1,"8":1},"f":{},"b":{}}
,"/Users/user/Documents/proj/reactjs/homeAssignment Popcorn/tdp-2025-homework/popcorn_palace_typescript/src/prisma/prisma.module.ts": {"path":"/Users/user/Documents/proj/reactjs/homeAssignment Popcorn/tdp-2025-homework/popcorn_palace_typescript/src/prisma/prisma.module.ts","statementMap":{"0":{"start":{"line":1,"column":0},"end":{"line":1,"column":48}},"1":{"start":{"line":2,"column":0},"end":{"line":2,"column":49}},"2":{"start":{"line":10,"column":7},"end":{"line":10,"column":null}},"3":{"start":{"line":10,"column":13},"end":{"line":10,"column":25}},"4":{"start":{"line":10,"column":13},"end":{"line":10,"column":null}}},"fnMap":{},"branchMap":{},"s":{"0":0,"1":0,"2":0,"3":0,"4":0},"f":{},"b":{}}
,"/Users/user/Documents/proj/reactjs/homeAssignment Popcorn/tdp-2025-homework/popcorn_palace_typescript/src/prisma/prisma.service.ts": {"path":"/Users/user/Documents/proj/reactjs/homeAssignment Popcorn/tdp-2025-homework/popcorn_palace_typescript/src/prisma/prisma.service.ts","statementMap":{"0":{"start":{"line":1,"column":0},"end":{"line":1,"column":44}},"1":{"start":{"line":2,"column":0},"end":{"line":2,"column":47}},"2":{"start":{"line":3,"column":0},"end":{"line":3,"column":46}},"3":{"start":{"line":6,"column":7},"end":{"line":16,"column":null}},"4":{"start":{"line":8,"column":8},"end":{"line":14,"column":null}},"5":{"start":{"line":6,"column":13},"end":{"line":6,"column":26}},"6":{"start":{"line":6,"column":13},"end":{"line":16,"column":null}}},"fnMap":{"0":{"name":"(anonymous_2)","decl":{"start":{"line":7,"column":4},"end":{"line":7,"column":16}},"loc":{"start":{"line":7,"column":37},"end":{"line":15,"column":5}}}},"branchMap":{},"s":{"0":5,"1":5,"2":5,"3":5,"4":0,"5":5,"6":5},"f":{"0":0},"b":{}}
,"/Users/user/Documents/proj/reactjs/homeAssignment Popcorn/tdp-2025-homework/popcorn_palace_typescript/src/showtime/showtime.controller.ts": {"path":"/Users/user/Documents/proj/reactjs/homeAssignment Popcorn/tdp-2025-homework/popcorn_palace_typescript/src/showtime/showtime.controller.ts","statementMap":{"0":{"start":{"line":1,"column":0},"end":{"line":1,"column":83}},"1":{"start":{"line":2,"column":0},"end":{"line":2,"column":61}},"2":{"start":{"line":3,"column":0},"end":{"line":3,"column":53}},"3":{"start":{"line":6,"column":7},"end":{"line":28,"column":null}},"4":{"start":{"line":7,"column":33},"end":{"line":7,"column":51}},"5":{"start":{"line":11,"column":8},"end":{"line":11,"column":63}},"6":{"start":{"line":16,"column":8},"end":{"line":16,"column":49}},"7":{"start":{"line":21,"column":8},"end":{"line":21,"column":67}},"8":{"start":{"line":26,"column":8},"end":{"line":26,"column":48}},"9":{"start":{"line":6,"column":13},"end":{"line":6,"column":31}},"10":{"start":{"line":10,"column":4},"end":{"line":12,"column":null}},"11":{"start":{"line":15,"column":4},"end":{"line":17,"column":null}},"12":{"start":{"line":20,"column":4},"end":{"line":22,"column":null}},"13":{"start":{"line":25,"column":4},"end":{"line":27,"column":null}},"14":{"start":{"line":6,"column":13},"end":{"line":28,"column":null}}},"fnMap":{"0":{"name":"(anonymous_4)","decl":{"start":{"line":7,"column":4},"end":{"line":7,"column":33}},"loc":{"start":{"line":7,"column":66},"end":{"line":7,"column":70}}},"1":{"name":"(anonymous_5)","decl":{"start":{"line":10,"column":4},"end":{"line":10,"column":10}},"loc":{"start":{"line":10,"column":55},"end":{"line":12,"column":5}}},"2":{"name":"(anonymous_6)","decl":{"start":{"line":15,"column":4},"end":{"line":15,"column":11}},"loc":{"start":{"line":15,"column":35},"end":{"line":17,"column":5}}},"3":{"name":"(anonymous_7)","decl":{"start":{"line":20,"column":4},"end":{"line":20,"column":10}},"loc":{"start":{"line":20,"column":80},"end":{"line":22,"column":5}}},"4":{"name":"(anonymous_8)","decl":{"start":{"line":25,"column":4},"end":{"line":25,"column":10}},"loc":{"start":{"line":25,"column":34},"end":{"line":27,"column":5}}}},"branchMap":{},"s":{"0":1,"1":1,"2":1,"3":1,"4":5,"5":1,"6":1,"7":1,"8":1,"9":1,"10":1,"11":1,"12":1,"13":1,"14":1},"f":{"0":5,"1":1,"2":1,"3":1,"4":1},"b":{}}
,"/Users/user/Documents/proj/reactjs/homeAssignment Popcorn/tdp-2025-homework/popcorn_palace_typescript/src/showtime/showtime.module.ts": {"path":"/Users/user/Documents/proj/reactjs/homeAssignment Popcorn/tdp-2025-homework/popcorn_palace_typescript/src/showtime/showtime.module.ts","statementMap":{"0":{"start":{"line":1,"column":0},"end":{"line":1,"column":40}},"1":{"start":{"line":2,"column":0},"end":{"line":2,"column":59}},"2":{"start":{"line":3,"column":0},"end":{"line":3,"column":53}},"3":{"start":{"line":4,"column":0},"end":{"line":4,"column":57}},"4":{"start":{"line":11,"column":7},"end":{"line":11,"column":null}},"5":{"start":{"line":11,"column":13},"end":{"line":11,"column":27}},"6":{"start":{"line":11,"column":13},"end":{"line":11,"column":null}}},"fnMap":{},"branchMap":{},"s":{"0":0,"1":0,"2":0,"3":0,"4":0,"5":0,"6":0},"f":{},"b":{}}
,"/Users/user/Documents/proj/reactjs/homeAssignment Popcorn/tdp-2025-homework/popcorn_palace_typescript/src/showtime/showtime.service.ts": {"path":"/Users/user/Documents/proj/reactjs/homeAssignment Popcorn/tdp-2025-homework/popcorn_palace_typescript/src/showtime/showtime.service.ts","statementMap":{"0":{"start":{"line":1,"column":0},"end":{"line":1,"column":84}},"1":{"start":{"line":2,"column":0},"end":{"line":2,"column":57}},"2":{"start":{"line":7,"column":7},"end":{"line":109,"column":null}},"3":{"start":{"line":8,"column":24},"end":{"line":8,"column":32}},"4":{"start":{"line":11,"column":8},"end":{"line":13,"column":9}},"5":{"start":{"line":12,"column":12},"end":{"line":12,"column":78}},"6":{"start":{"line":15,"column":34},"end":{"line":15,"column":83}},"7":{"start":{"line":16,"column":8},"end":{"line":20,"column":9}},"8":{"start":{"line":17,"column":12},"end":{"line":19,"column":14}},"9":{"start":{"line":22,"column":33},"end":{"line":26,"column":10}},"10":{"start":{"line":28,"column":8},"end":{"line":30,"column":9}},"11":{"start":{"line":29,"column":12},"end":{"line":29,"column":48}},"12":{"start":{"line":32,"column":28},"end":{"line":32,"column":88}},"13":{"start":{"line":33,"column":8},"end":{"line":37,"column":9}},"14":{"start":{"line":34,"column":12},"end":{"line":36,"column":14}},"15":{"start":{"line":41,"column":57},"end":{"line":41,"column":60}},"16":{"start":{"line":43,"column":22},"end":{"line":45,"column":10}},"17":{"start":{"line":46,"column":8},"end":{"line":48,"column":9}},"18":{"start":{"line":47,"column":12},"end":{"line":47,"column":78}},"19":{"start":{"line":50,"column":25},"end":{"line":50,"column":44}},"20":{"start":{"line":51,"column":23},"end":{"line":51,"column":40}},"21":{"start":{"line":53,"column":8},"end":{"line":53,"column":74}},"22":{"start":{"line":55,"column":8},"end":{"line":61,"column":11}},"23":{"start":{"line":65,"column":25},"end":{"line":65,"column":81}},"24":{"start":{"line":66,"column":8},"end":{"line":68,"column":9}},"25":{"start":{"line":67,"column":12},"end":{"line":67,"column":76}},"26":{"start":{"line":69,"column":8},"end":{"line":69,"column":24}},"27":{"start":{"line":73,"column":25},"end":{"line":73,"column":47}},"28":{"start":{"line":75,"column":27},"end":{"line":75,"column":58}},"29":{"start":{"line":76,"column":25},"end":{"line":76,"column":85}},"30":{"start":{"line":77,"column":23},"end":{"line":77,"column":77}},"31":{"start":{"line":79,"column":22},"end":{"line":81,"column":10}},"32":{"start":{"line":82,"column":8},"end":{"line":84,"column":9}},"33":{"start":{"line":83,"column":12},"end":{"line":83,"column":87}},"34":{"start":{"line":86,"column":8},"end":{"line":86,"column":81}},"35":{"start":{"line":88,"column":8},"end":{"line":96,"column":11}},"36":{"start":{"line":100,"column":8},"end":{"line":100,"column":31}},"37":{"start":{"line":101,"column":28},"end":{"line":103,"column":10}},"38":{"start":{"line":104,"column":8},"end":{"line":106,"column":9}},"39":{"start":{"line":105,"column":12},"end":{"line":105,"column":90}},"40":{"start":{"line":107,"column":8},"end":{"line":107,"column":62}},"41":{"start":{"line":7,"column":13},"end":{"line":7,"column":28}},"42":{"start":{"line":7,"column":13},"end":{"line":109,"column":null}}},"fnMap":{"0":{"name":"(anonymous_2)","decl":{"start":{"line":8,"column":4},"end":{"line":8,"column":24}},"loc":{"start":{"line":8,"column":45},"end":{"line":8,"column":49}}},"1":{"name":"(anonymous_3)","decl":{"start":{"line":10,"column":12},"end":{"line":10,"column":17}},"loc":{"start":{"line":10,"column":118},"end":{"line":38,"column":5}}},"2":{"name":"(anonymous_4)","decl":{"start":{"line":40,"column":4},"end":{"line":40,"column":9}},"loc":{"start":{"line":40,"column":39},"end":{"line":62,"column":5}}},"3":{"name":"(anonymous_5)","decl":{"start":{"line":64,"column":4},"end":{"line":64,"column":9}},"loc":{"start":{"line":64,"column":28},"end":{"line":70,"column":5}}},"4":{"name":"(anonymous_6)","decl":{"start":{"line":72,"column":4},"end":{"line":72,"column":9}},"loc":{"start":{"line":72,"column":51},"end":{"line":97,"column":5}}},"5":{"name":"(anonymous_7)","decl":{"start":{"line":99,"column":4},"end":{"line":99,"column":9}},"loc":{"start":{"line":99,"column":27},"end":{"line":108,"column":5}}}},"branchMap":{"0":{"loc":{"start":{"line":11,"column":8},"end":{"line":13,"column":9}},"type":"if","locations":[{"start":{"line":11,"column":8},"end":{"line":13,"column":9}}]},"1":{"loc":{"start":{"line":16,"column":8},"end":{"line":20,"column":9}},"type":"if","locations":[{"start":{"line":16,"column":8},"end":{"line":20,"column":9}}]},"2":{"loc":{"start":{"line":28,"column":8},"end":{"line":30,"column":9}},"type":"if","locations":[{"start":{"line":28,"column":8},"end":{"line":30,"column":9}}]},"3":{"loc":{"start":{"line":33,"column":8},"end":{"line":37,"column":9}},"type":"if","locations":[{"start":{"line":33,"column":8},"end":{"line":37,"column":9}}]},"4":{"loc":{"start":{"line":46,"column":8},"end":{"line":48,"column":9}},"type":"if","locations":[{"start":{"line":46,"column":8},"end":{"line":48,"column":9}}]},"5":{"loc":{"start":{"line":66,"column":8},"end":{"line":68,"column":9}},"type":"if","locations":[{"start":{"line":66,"column":8},"end":{"line":68,"column":9}}]},"6":{"loc":{"start":{"line":75,"column":27},"end":{"line":75,"column":58}},"type":"binary-expr","locations":[{"start":{"line":75,"column":27},"end":{"line":75,"column":38}},{"start":{"line":75,"column":42},"end":{"line":75,"column":58}}]},"7":{"loc":{"start":{"line":76,"column":25},"end":{"line":76,"column":85}},"type":"cond-expr","locations":[{"start":{"line":76,"column":41},"end":{"line":76,"column":64}},{"start":{"line":76,"column":67},"end":{"line":76,"column":85}}]},"8":{"loc":{"start":{"line":77,"column":23},"end":{"line":77,"column":77}},"type":"cond-expr","locations":[{"start":{"line":77,"column":37},"end":{"line":77,"column":58}},{"start":{"line":77,"column":61},"end":{"line":77,"column":77}}]},"9":{"loc":{"start":{"line":82,"column":8},"end":{"line":84,"column":9}},"type":"if","locations":[{"start":{"line":82,"column":8},"end":{"line":84,"column":9}}]},"10":{"loc":{"start":{"line":104,"column":8},"end":{"line":106,"column":9}},"type":"if","locations":[{"start":{"line":104,"column":8},"end":{"line":106,"column":9}}]}},"s":{"0":2,"1":2,"2":2,"3":7,"4":2,"5":0,"6":2,"7":2,"8":0,"9":2,"10":2,"11":1,"12":2,"13":2,"14":0,"15":1,"16":1,"17":1,"18":0,"19":1,"20":1,"21":1,"22":1,"23":6,"24":6,"25":3,"26":3,"27":2,"28":1,"29":1,"30":1,"31":1,"32":1,"33":0,"34":1,"35":1,"36":2,"37":1,"38":1,"39":0,"40":1,"41":2,"42":2},"f":{"0":7,"1":2,"2":1,"3":6,"4":2,"5":2},"b":{"0":[0],"1":[0],"2":[1],"3":[0],"4":[0],"5":[3],"6":[1,0],"7":[1,0],"8":[1,0],"9":[0],"10":[0]}}
,"/Users/user/Documents/proj/reactjs/homeAssignment Popcorn/tdp-2025-homework/popcorn_palace_typescript/src/showtime/dto/index.ts": {"path":"/Users/user/Documents/proj/reactjs/homeAssignment Popcorn/tdp-2025-homework/popcorn_palace_typescript/src/showtime/dto/index.ts","statementMap":{"0":{"start":{"line":1,"column":0},"end":{"line":1,"column":30}}},"fnMap":{},"branchMap":{},"s":{"0":1},"f":{},"b":{}}
,"/Users/user/Documents/proj/reactjs/homeAssignment Popcorn/tdp-2025-homework/popcorn_palace_typescript/src/showtime/dto/showtime.dto.ts": {"path":"/Users/user/Documents/proj/reactjs/homeAssignment Popcorn/tdp-2025-homework/popcorn_palace_typescript/src/showtime/dto/showtime.dto.ts","statementMap":{"0":{"start":{"line":1,"column":0},"end":{"line":1,"column":84}},"1":{"start":{"line":2,"column":0},"end":{"line":2,"column":51}},"2":{"start":{"line":4,"column":0},"end":{"line":4,"column":13}},"3":{"start":{"line":8,"column":2},"end":{"line":8,"column":null}},"4":{"start":{"line":12,"column":2},"end":{"line":12,"column":null}},"5":{"start":{"line":15,"column":2},"end":{"line":15,"column":null}},"6":{"start":{"line":18,"column":2},"end":{"line":18,"column":null}},"7":{"start":{"line":22,"column":2},"end":{"line":22,"column":null}},"8":{"start":{"line":25,"column":0},"end":{"line":25,"column":13}}},"fnMap":{},"branchMap":{},"s":{"0":1,"1":1,"2":1,"3":1,"4":1,"5":1,"6":1,"7":1,"8":1},"f":{},"b":{}}
,"/Users/user/Documents/proj/reactjs/homeAssignment Popcorn/tdp-2025-homework/popcorn_palace_typescript/src/tickets/tickets.controller.ts": {"path":"/Users/user/Documents/proj/reactjs/homeAssignment Popcorn/tdp-2025-homework/popcorn_palace_typescript/src/tickets/tickets.controller.ts","statementMap":{"0":{"start":{"line":1,"column":0},"end":{"line":1,"column":56}},"1":{"start":{"line":2,"column":0},"end":{"line":2,"column":40}},"2":{"start":{"line":3,"column":0},"end":{"line":3,"column":51}},"3":{"start":{"line":6,"column":7},"end":{"line":13,"column":null}},"4":{"start":{"line":7,"column":33},"end":{"line":7,"column":49}},"5":{"start":{"line":11,"column":8},"end":{"line":11,"column":59}},"6":{"start":{"line":6,"column":13},"end":{"line":6,"column":30}},"7":{"start":{"line":10,"column":4},"end":{"line":12,"column":null}},"8":{"start":{"line":6,"column":13},"end":{"line":13,"column":null}}},"fnMap":{"0":{"name":"(anonymous_4)","decl":{"start":{"line":7,"column":4},"end":{"line":7,"column":33}},"loc":{"start":{"line":7,"column":63},"end":{"line":7,"column":67}}},"1":{"name":"(anonymous_5)","decl":{"start":{"line":10,"column":4},"end":{"line":10,"column":10}},"loc":{"start":{"line":10,"column":51},"end":{"line":12,"column":5}}}},"branchMap":{},"s":{"0":1,"1":1,"2":1,"3":1,"4":2,"5":0,"6":1,"7":1,"8":1},"f":{"0":2,"1":0},"b":{}}
,"/Users/user/Documents/proj/reactjs/homeAssignment Popcorn/tdp-2025-homework/popcorn_palace_typescript/src/tickets/tickets.module.ts": {"path":"/Users/user/Documents/proj/reactjs/homeAssignment Popcorn/tdp-2025-homework/popcorn_palace_typescript/src/tickets/tickets.module.ts","statementMap":{"0":{"start":{"line":1,"column":0},"end":{"line":1,"column":40}},"1":{"start":{"line":2,"column":0},"end":{"line":2,"column":51}},"2":{"start":{"line":3,"column":0},"end":{"line":3,"column":57}},"3":{"start":{"line":4,"column":0},"end":{"line":4,"column":57}},"4":{"start":{"line":10,"column":7},"end":{"line":10,"column":null}},"5":{"start":{"line":10,"column":13},"end":{"line":10,"column":26}},"6":{"start":{"line":10,"column":13},"end":{"line":10,"column":null}}},"fnMap":{},"branchMap":{},"s":{"0":0,"1":0,"2":0,"3":0,"4":0,"5":0,"6":0},"f":{},"b":{}}
,"/Users/user/Documents/proj/reactjs/homeAssignment Popcorn/tdp-2025-homework/popcorn_palace_typescript/src/tickets/tickets.service.ts": {"path":"/Users/user/Documents/proj/reactjs/homeAssignment Popcorn/tdp-2025-homework/popcorn_palace_typescript/src/tickets/tickets.service.ts","statementMap":{"0":{"start":{"line":1,"column":0},"end":{"line":1,"column":84}},"1":{"start":{"line":2,"column":0},"end":{"line":2,"column":57}},"2":{"start":{"line":6,"column":7},"end":{"line":63,"column":null}},"3":{"start":{"line":7,"column":24},"end":{"line":7,"column":32}},"4":{"start":{"line":10,"column":56},"end":{"line":10,"column":71}},"5":{"start":{"line":12,"column":36},"end":{"line":12,"column":38}},"6":{"start":{"line":13,"column":8},"end":{"line":19,"column":9}},"7":{"start":{"line":14,"column":12},"end":{"line":14,"column":38}},"8":{"start":{"line":15,"column":15},"end":{"line":19,"column":9}},"9":{"start":{"line":16,"column":12},"end":{"line":16,"column":39}},"10":{"start":{"line":18,"column":12},"end":{"line":18,"column":95}},"11":{"start":{"line":21,"column":25},"end":{"line":23,"column":10}},"12":{"start":{"line":25,"column":8},"end":{"line":27,"column":9}},"13":{"start":{"line":26,"column":12},"end":{"line":26,"column":84}},"14":{"start":{"line":29,"column":20},"end":{"line":29,"column":30}},"15":{"start":{"line":30,"column":30},"end":{"line":30,"column":58}},"16":{"start":{"line":31,"column":8},"end":{"line":33,"column":9}},"17":{"start":{"line":32,"column":12},"end":{"line":32,"column":84}},"18":{"start":{"line":35,"column":32},"end":{"line":40,"column":10}},"19":{"start":{"line":42,"column":8},"end":{"line":47,"column":9}},"20":{"start":{"line":43,"column":32},"end":{"line":43,"column":91}},"21":{"start":{"line":43,"column":62},"end":{"line":43,"column":79}},"22":{"start":{"line":44,"column":12},"end":{"line":46,"column":14}},"23":{"start":{"line":49,"column":24},"end":{"line":54,"column":10}},"24":{"start":{"line":50,"column":43},"end":{"line":53,"column":14}},"25":{"start":{"line":56,"column":8},"end":{"line":61,"column":11}},"26":{"start":{"line":6,"column":13},"end":{"line":6,"column":27}},"27":{"start":{"line":6,"column":13},"end":{"line":63,"column":null}}},"fnMap":{"0":{"name":"(anonymous_2)","decl":{"start":{"line":7,"column":4},"end":{"line":7,"column":24}},"loc":{"start":{"line":7,"column":45},"end":{"line":7,"column":49}}},"1":{"name":"(anonymous_3)","decl":{"start":{"line":9,"column":4},"end":{"line":9,"column":9}},"loc":{"start":{"line":9,"column":49},"end":{"line":62,"column":5}}},"2":{"name":"(anonymous_4)","decl":{"start":{"line":43,"column":52},"end":{"line":43,"column":58}},"loc":{"start":{"line":43,"column":62},"end":{"line":43,"column":79}}},"3":{"name":"(anonymous_5)","decl":{"start":{"line":50,"column":34},"end":{"line":50,"column":38}},"loc":{"start":{"line":50,"column":43},"end":{"line":53,"column":14}}}},"branchMap":{"0":{"loc":{"start":{"line":13,"column":8},"end":{"line":19,"column":9}},"type":"if","locations":[{"start":{"line":13,"column":8},"end":{"line":19,"column":9}},{"start":{"line":15,"column":15},"end":{"line":19,"column":9}}]},"1":{"loc":{"start":{"line":13,"column":12},"end":{"line":13,"column":49}},"type":"binary-expr","locations":[{"start":{"line":13,"column":12},"end":{"line":13,"column":23}},{"start":{"line":13,"column":27},"end":{"line":13,"column":49}}]},"2":{"loc":{"start":{"line":15,"column":15},"end":{"line":19,"column":9}},"type":"if","locations":[{"start":{"line":15,"column":15},"end":{"line":19,"column":9}},{"start":{"line":17,"column":15},"end":{"line":19,"column":9}}]},"3":{"loc":{"start":{"line":25,"column":8},"end":{"line":27,"column":9}},"type":"if","locations":[{"start":{"line":25,"column":8},"end":{"line":27,"column":9}}]},"4":{"loc":{"start":{"line":31,"column":8},"end":{"line":33,"column":9}},"type":"if","locations":[{"start":{"line":31,"column":8},"end":{"line":33,"column":9}}]},"5":{"loc":{"start":{"line":42,"column":8},"end":{"line":47,"column":9}},"type":"if","locations":[{"start":{"line":42,"column":8},"end":{"line":47,"column":9}}]}},"s":{"0":1,"1":1,"2":1,"3":0,"4":0,"5":0,"6":0,"7":0,"8":0,"9":0,"10":0,"11":0,"12":0,"13":0,"14":0,"15":0,"16":0,"17":0,"18":0,"19":0,"20":0,"21":0,"22":0,"23":0,"24":0,"25":0,"26":1,"27":1},"f":{"0":0,"1":0,"2":0,"3":0},"b":{"0":[0,0],"1":[0,0],"2":[0,0],"3":[0],"4":[0],"5":[0]}}
,"/Users/user/Documents/proj/reactjs/homeAssignment Popcorn/tdp-2025-homework/popcorn_palace_typescript/src/tickets/dto/index.ts": {"path":"/Users/user/Documents/proj/reactjs/homeAssignment Popcorn/tdp-2025-homework/popcorn_palace_typescript/src/tickets/dto/index.ts","statementMap":{"0":{"start":{"line":1,"column":0},"end":{"line":1,"column":29}}},"fnMap":{},"branchMap":{},"s":{"0":1},"f":{},"b":{}}
,"/Users/user/Documents/proj/reactjs/homeAssignment Popcorn/tdp-2025-homework/popcorn_palace_typescript/src/tickets/dto/tickets.dto.ts": {"path":"/Users/user/Documents/proj/reactjs/homeAssignment Popcorn/tdp-2025-homework/popcorn_palace_typescript/src/tickets/dto/tickets.dto.ts","statementMap":{"0":{"start":{"line":1,"column":0},"end":{"line":1,"column":84}},"1":{"start":{"line":3,"column":0},"end":{"line":3,"column":13}},"2":{"start":{"line":6,"column":2},"end":{"line":6,"column":null}},"3":{"start":{"line":10,"column":2},"end":{"line":10,"column":null}},"4":{"start":{"line":16,"column":2},"end":{"line":16,"column":null}}},"fnMap":{},"branchMap":{},"s":{"0":1,"1":1,"2":1,"3":1,"4":1},"f":{},"b":{}}
}
