TN:
SF:src/app.module.ts
FNF:0
FNH:0
DA:1,0
DA:2,0
DA:3,0
DA:4,0
DA:5,0
DA:6,0
DA:22,0
LF:7
LH:0
BRDA:12,0,0,0
BRDA:12,0,1,0
BRF:2
BRH:0
end_of_record
TN:
SF:src/main.ts
FN:5,bootstrap
FNF:1
FNH:0
FNDA:0,bootstrap
DA:1,0
DA:2,0
DA:3,0
DA:6,0
DA:7,0
DA:12,0
DA:13,0
DA:15,0
LF:8
LH:0
BRF:0
BRH:0
end_of_record
TN:
SF:src/movies/movies.controller.ts
FN:8,(anonymous_4)
FN:11,(anonymous_5)
FN:16,(anonymous_6)
FN:21,(anonymous_7)
FN:26,(anonymous_8)
FN:31,(anonymous_9)
FNF:6
FNH:6
FNDA:6,(anonymous_4)
FNDA:1,(anonymous_5)
FNDA:1,(anonymous_6)
FNDA:1,(anonymous_7)
FNDA:1,(anonymous_8)
FNDA:1,(anonymous_9)
DA:1,1
DA:2,1
DA:3,1
DA:7,1
DA:8,6
DA:11,1
DA:12,1
DA:16,1
DA:17,1
DA:21,1
DA:22,1
DA:26,1
DA:27,1
DA:31,1
DA:32,1
LF:15
LH:15
BRF:0
BRH:0
end_of_record
TN:
SF:src/movies/movies.module.ts
FNF:0
FNH:0
DA:1,0
DA:2,0
DA:3,0
DA:4,0
DA:11,0
LF:5
LH:0
BRF:0
BRH:0
end_of_record
TN:
SF:src/movies/movies.service.ts
FN:8,(anonymous_2)
FN:10,(anonymous_3)
FN:24,(anonymous_4)
FN:28,(anonymous_5)
FN:36,(anonymous_6)
FN:44,(anonymous_7)
FNF:6
FNH:6
FNDA:9,(anonymous_2)
FNDA:19,(anonymous_3)
FNDA:1,(anonymous_4)
FNDA:6,(anonymous_5)
FNDA:2,(anonymous_6)
FNDA:2,(anonymous_7)
DA:1,2
DA:2,2
DA:7,2
DA:8,9
DA:11,19
DA:18,19
DA:19,0
DA:21,19
DA:25,1
DA:29,6
DA:30,6
DA:31,3
DA:33,3
DA:37,2
DA:38,1
DA:45,2
DA:46,1
DA:53,1
DA:54,0
DA:58,1
DA:62,1
LF:21
LH:19
BRDA:18,0,0,0
BRDA:30,1,0,3
BRDA:53,2,0,0
BRF:3
BRH:1
end_of_record
TN:
SF:src/movies/dto/index.ts
FNF:0
FNH:0
DA:1,1
LF:1
LH:1
BRF:0
BRH:0
end_of_record
TN:
SF:src/movies/dto/movies.dto.ts
FNF:0
FNH:0
DA:1,1
DA:2,1
DA:4,1
DA:8,1
DA:12,1
DA:16,1
DA:21,1
DA:26,1
DA:29,1
LF:9
LH:9
BRF:0
BRH:0
end_of_record
TN:
SF:src/prisma/prisma.module.ts
FNF:0
FNH:0
DA:1,0
DA:2,0
DA:10,0
LF:3
LH:0
BRF:0
BRH:0
end_of_record
TN:
SF:src/prisma/prisma.service.ts
FN:7,(anonymous_2)
FNF:1
FNH:0
FNDA:0,(anonymous_2)
DA:1,5
DA:2,5
DA:3,5
DA:6,5
DA:8,0
LF:5
LH:4
BRF:0
BRH:0
end_of_record
TN:
SF:src/showtime/showtime.controller.ts
FN:7,(anonymous_4)
FN:10,(anonymous_5)
FN:15,(anonymous_6)
FN:20,(anonymous_7)
FN:25,(anonymous_8)
FNF:5
FNH:5
FNDA:5,(anonymous_4)
FNDA:1,(anonymous_5)
FNDA:1,(anonymous_6)
FNDA:1,(anonymous_7)
FNDA:1,(anonymous_8)
DA:1,1
DA:2,1
DA:3,1
DA:6,1
DA:7,5
DA:10,1
DA:11,1
DA:15,1
DA:16,1
DA:20,1
DA:21,1
DA:25,1
DA:26,1
LF:13
LH:13
BRF:0
BRH:0
end_of_record
TN:
SF:src/showtime/showtime.module.ts
FNF:0
FNH:0
DA:1,0
DA:2,0
DA:3,0
DA:4,0
DA:11,0
LF:5
LH:0
BRF:0
BRH:0
end_of_record
TN:
SF:src/showtime/showtime.service.ts
FN:8,(anonymous_2)
FN:10,(anonymous_3)
FN:40,(anonymous_4)
FN:64,(anonymous_5)
FN:72,(anonymous_6)
FN:99,(anonymous_7)
FNF:6
FNH:6
FNDA:7,(anonymous_2)
FNDA:2,(anonymous_3)
FNDA:1,(anonymous_4)
FNDA:6,(anonymous_5)
FNDA:2,(anonymous_6)
FNDA:2,(anonymous_7)
DA:1,2
DA:2,2
DA:7,2
DA:8,7
DA:11,2
DA:12,0
DA:15,2
DA:16,2
DA:17,0
DA:22,2
DA:28,2
DA:29,1
DA:32,2
DA:33,2
DA:34,0
DA:41,1
DA:43,1
DA:46,1
DA:47,0
DA:50,1
DA:51,1
DA:53,1
DA:55,1
DA:65,6
DA:66,6
DA:67,3
DA:69,3
DA:73,2
DA:75,1
DA:76,1
DA:77,1
DA:79,1
DA:82,1
DA:83,0
DA:86,1
DA:88,1
DA:100,2
DA:101,1
DA:104,1
DA:105,0
DA:107,1
LF:41
LH:35
BRDA:11,0,0,0
BRDA:16,1,0,0
BRDA:28,2,0,1
BRDA:33,3,0,0
BRDA:46,4,0,0
BRDA:66,5,0,3
BRDA:75,6,0,1
BRDA:75,6,1,0
BRDA:76,7,0,1
BRDA:76,7,1,0
BRDA:77,8,0,1
BRDA:77,8,1,0
BRDA:82,9,0,0
BRDA:104,10,0,0
BRF:14
BRH:5
end_of_record
TN:
SF:src/showtime/dto/index.ts
FNF:0
FNH:0
DA:1,1
LF:1
LH:1
BRF:0
BRH:0
end_of_record
TN:
SF:src/showtime/dto/showtime.dto.ts
FNF:0
FNH:0
DA:1,1
DA:2,1
DA:4,1
DA:8,1
DA:12,1
DA:15,1
DA:18,1
DA:22,1
DA:25,1
LF:9
LH:9
BRF:0
BRH:0
end_of_record
TN:
SF:src/tickets/tickets.controller.ts
FN:7,(anonymous_4)
FN:10,(anonymous_5)
FNF:2
FNH:1
FNDA:2,(anonymous_4)
FNDA:0,(anonymous_5)
DA:1,1
DA:2,1
DA:3,1
DA:6,1
DA:7,2
DA:10,1
DA:11,0
LF:7
LH:6
BRF:0
BRH:0
end_of_record
TN:
SF:src/tickets/tickets.module.ts
FNF:0
FNH:0
DA:1,0
DA:2,0
DA:3,0
DA:4,0
DA:10,0
LF:5
LH:0
BRF:0
BRH:0
end_of_record
TN:
SF:src/tickets/tickets.service.ts
FN:7,(anonymous_2)
FN:9,(anonymous_3)
FN:43,(anonymous_4)
FN:50,(anonymous_5)
FNF:4
FNH:0
FNDA:0,(anonymous_2)
FNDA:0,(anonymous_3)
FNDA:0,(anonymous_4)
FNDA:0,(anonymous_5)
DA:1,1
DA:2,1
DA:6,1
DA:7,0
DA:10,0
DA:12,0
DA:13,0
DA:14,0
DA:15,0
DA:16,0
DA:18,0
DA:21,0
DA:25,0
DA:26,0
DA:29,0
DA:30,0
DA:31,0
DA:32,0
DA:35,0
DA:42,0
DA:43,0
DA:44,0
DA:49,0
DA:50,0
DA:56,0
LF:25
LH:3
BRDA:13,0,0,0
BRDA:13,0,1,0
BRDA:13,1,0,0
BRDA:13,1,1,0
BRDA:15,2,0,0
BRDA:15,2,1,0
BRDA:25,3,0,0
BRDA:31,4,0,0
BRDA:42,5,0,0
BRF:9
BRH:0
end_of_record
TN:
SF:src/tickets/dto/index.ts
FNF:0
FNH:0
DA:1,1
LF:1
LH:1
BRF:0
BRH:0
end_of_record
TN:
SF:src/tickets/dto/tickets.dto.ts
FNF:0
FNH:0
DA:1,1
DA:3,1
DA:6,1
DA:10,1
DA:16,1
LF:5
LH:5
BRF:0
BRH:0
end_of_record
